<?xml version="1.0" encoding="UTF-8"?>
<coverage generated="1618528805844" clover="3.2.0">
  <project timestamp="1618528805844" name="All files">
    <metrics statements="20" coveredstatements="20" conditionals="4" coveredconditionals="4" methods="4" coveredmethods="4" elements="28" coveredelements="28" complexity="0" loc="20" ncloc="20" packages="1" files="3" classes="3"/>
    <file name="Constants.ts" path="/home/yuridelgado/Documents/professional/sinai/backend/src/travel_footprint/Constants.ts">
      <metrics statements="2" coveredstatements="2" conditionals="0" coveredconditionals="0" methods="0" coveredmethods="0"/>
      <line num="1" count="1" type="stmt"/>
      <line num="3" count="1" type="stmt"/>
    </file>
    <file name="Service.ts" path="/home/yuridelgado/Documents/professional/sinai/backend/src/travel_footprint/Service.ts">
      <metrics statements="12" coveredstatements="12" conditionals="2" coveredconditionals="2" methods="3" coveredmethods="3"/>
      <line num="1" count="1" type="stmt"/>
      <line num="17" count="1" type="stmt"/>
      <line num="20" count="22" type="cond" truecount="2" falsecount="0"/>
      <line num="25" count="24" type="stmt"/>
      <line num="26" count="12" type="stmt"/>
      <line num="29" count="1" type="stmt"/>
      <line num="30" count="3" type="stmt"/>
      <line num="31" count="5" type="stmt"/>
      <line num="32" count="5" type="stmt"/>
      <line num="33" count="5" type="stmt"/>
      <line num="34" count="5" type="stmt"/>
      <line num="37" count="3" type="stmt"/>
    </file>
    <file name="Types.ts" path="/home/yuridelgado/Documents/professional/sinai/backend/src/travel_footprint/Types.ts">
      <metrics statements="6" coveredstatements="6" conditionals="2" coveredconditionals="2" methods="1" coveredmethods="1"/>
      <line num="1" count="1" type="cond" truecount="2" falsecount="0"/>
      <line num="2" count="1" type="stmt"/>
      <line num="3" count="1" type="stmt"/>
      <line num="4" count="1" type="stmt"/>
      <line num="5" count="1" type="stmt"/>
      <line num="6" count="1" type="stmt"/>
    </file>
  </project>
</coverage>
