{"/home/yuridelgado/Documents/professional/sinai/backend/src/travel_footprint/Constants.ts": {"path":"/home/yuridelgado/Documents/professional/sinai/backend/src/travel_footprint/Constants.ts","statementMap":{"0":{"start":{"line":1,"column":0},"end":{"line":1,"column":37}},"1":{"start":{"line":3,"column":13},"end":{"line":9,"column":null}}},"fnMap":{},"branchMap":{},"s":{"0":1,"1":1},"f":{},"b":{}}
,"/home/yuridelgado/Documents/professional/sinai/backend/src/travel_footprint/Service.ts": {"path":"/home/yuridelgado/Documents/professional/sinai/backend/src/travel_footprint/Service.ts","statementMap":{"0":{"start":{"line":1,"column":0},"end":{"line":1,"column":38}},"1":{"start":{"line":17,"column":39},"end":{"line":27,"column":1}},"2":{"start":{"line":20,"column":2},"end":{"line":23,"column":null}},"3":{"start":{"line":25,"column":50},"end":{"line":25,"column":null}},"4":{"start":{"line":26,"column":2},"end":{"line":26,"column":null}},"5":{"start":{"line":17,"column":13},"end":{"line":17,"column":39}},"6":{"start":{"line":29,"column":34},"end":{"line":38,"column":1}},"7":{"start":{"line":30,"column":24},"end":{"line":35,"column":7}},"8":{"start":{"line":31,"column":32},"end":{"line":31,"column":61}},"9":{"start":{"line":31,"column":21},"end":{"line":31,"column":23}},"10":{"start":{"line":31,"column":28},"end":{"line":31,"column":32}},"11":{"start":{"line":32,"column":15},"end":{"line":32,"column":35}},"12":{"start":{"line":33,"column":27},"end":{"line":33,"column":61}},"13":{"start":{"line":34,"column":4},"end":{"line":34,"column":null}},"14":{"start":{"line":37,"column":2},"end":{"line":37,"column":null}},"15":{"start":{"line":29,"column":13},"end":{"line":29,"column":34}}},"fnMap":{"0":{"name":"(anonymous_0)","decl":{"start":{"line":17,"column":39},"end":{"line":17,"column":null}},"loc":{"start":{"line":23,"column":3},"end":{"line":27,"column":1}}},"1":{"name":"(anonymous_1)","decl":{"start":{"line":29,"column":34},"end":{"line":29,"column":35}},"loc":{"start":{"line":29,"column":55},"end":{"line":38,"column":1}}},"2":{"name":"(anonymous_2)","decl":{"start":{"line":30,"column":52},"end":{"line":30,"column":53}},"loc":{"start":{"line":30,"column":62},"end":{"line":35,"column":3}}}},"branchMap":{"0":{"loc":{"start":{"line":20,"column":2},"end":{"line":23,"column":null}},"type":"if","locations":[{"start":{"line":20,"column":2},"end":{"line":23,"column":null}},{"start":{"line":20,"column":2},"end":{"line":23,"column":null}}]}},"s":{"0":1,"1":1,"2":22,"3":24,"4":12,"5":1,"6":1,"7":3,"8":5,"9":5,"10":5,"11":5,"12":5,"13":5,"14":3,"15":1},"f":{"0":12,"1":3,"2":5},"b":{"0":[10,2]}}
,"/home/yuridelgado/Documents/professional/sinai/backend/src/travel_footprint/Types.ts": {"path":"/home/yuridelgado/Documents/professional/sinai/backend/src/travel_footprint/Types.ts","statementMap":{"0":{"start":{"line":1,"column":0},"end":{"line":1,"column":null}},"1":{"start":{"line":2,"column":2},"end":{"line":2,"column":null}},"2":{"start":{"line":3,"column":2},"end":{"line":3,"column":null}},"3":{"start":{"line":4,"column":2},"end":{"line":4,"column":null}},"4":{"start":{"line":5,"column":2},"end":{"line":5,"column":null}},"5":{"start":{"line":6,"column":2},"end":{"line":6,"column":null}}},"fnMap":{"0":{"name":"(anonymous_0)","decl":{"start":{"line":1,"column":0},"end":{"line":1,"column":12}},"loc":{"start":{"line":1,"column":23},"end":{"line":7,"column":1}}}},"branchMap":{"0":{"loc":{"start":{"line":1,"column":12},"end":{"line":1,"column":23}},"type":"binary-expr","locations":[{"start":{"line":1,"column":12},"end":{"line":1,"column":23}},{"start":{"line":1,"column":12},"end":{"line":1,"column":null}}]}},"s":{"0":1,"1":1,"2":1,"3":1,"4":1,"5":1},"f":{"0":1},"b":{"0":[1,1]}}
}
