TN:
SF:src/travel_footprint/Constants.ts
FNF:0
FNH:0
DA:1,1
DA:3,1
LF:2
LH:2
BRF:0
BRH:0
end_of_record
TN:
SF:src/travel_footprint/Service.ts
FN:17,(anonymous_0)
FN:29,(anonymous_1)
FN:30,(anonymous_2)
FNF:3
FNH:3
FNDA:12,(anonymous_0)
FNDA:3,(anonymous_1)
FNDA:5,(anonymous_2)
DA:1,1
DA:17,1
DA:20,22
DA:25,24
DA:26,12
DA:29,1
DA:30,3
DA:31,5
DA:32,5
DA:33,5
DA:34,5
DA:37,3
LF:12
LH:12
BRDA:20,0,0,10
BRDA:20,0,1,2
BRF:2
BRH:2
end_of_record
TN:
SF:src/travel_footprint/Types.ts
FN:1,(anonymous_0)
FNF:1
FNH:1
FNDA:1,(anonymous_0)
DA:1,1
DA:2,1
DA:3,1
DA:4,1
DA:5,1
DA:6,1
LF:6
LH:6
BRDA:1,0,0,1
BRDA:1,0,1,1
BRF:2
BRH:2
end_of_record
